<?xml version="1.0" encoding="UTF-8"?>
<!-- Generated by org.testng.reporters.JUnitReportReporter -->
<testsuite hostname="SuneelReddy-PC" name="testcase.ConfigPropUsingAllAnnotations" tests="4" failures="0" timestamp="29 Dec 2017 02:21:18 GMT" time="40.749" errors="0">
  <testcase name="composeFunctionality" time="17.532" classname="testcase.ConfigPropUsingAllAnnotations"/>
  <testcase name="getURL" time="6.344" classname="testcase.ConfigPropUsingAllAnnotations"/>
  <testcase name="getLoginCredentials" time="5.996" classname="testcase.ConfigPropUsingAllAnnotations"/>
  <testcase name="loadBrowser" time="10.877" classname="testcase.ConfigPropUsingAllAnnotations"/>
</testsuite> <!-- testcase.ConfigPropUsingAllAnnotations -->
