<?xml version="1.0" encoding="UTF-8"?>
<!-- Generated by org.testng.reporters.JUnitReportReporter -->
<testsuite hostname="SuneelReddy-PC" name="testcase.TestNg" tests="1" failures="0" timestamp="18 Dec 2017 18:52:02 GMT" time="7.419" errors="0">
  <testcase name="testcase" time="7.419" classname="testcase.TestNg"/>
</testsuite> <!-- testcase.TestNg -->
