<?xml version="1.0" encoding="UTF-8"?>
<!-- Generated by org.testng.reporters.JUnitReportReporter -->
<testsuite hostname="SuneelReddy-PC" name="testcase.ReadDataUsingAnnotations" tests="5" failures="0" timestamp="28 Dec 2017 04:39:43 GMT" time="29.683" errors="0">
  <testcase name="runBrowser" time="3.275" classname="testcase.ReadDataUsingAnnotations"/>
  <testcase name="getLoginCredentials" time="5.263" classname="testcase.ReadDataUsingAnnotations"/>
  <testcase name="connectToConfig" time="0.020" classname="testcase.ReadDataUsingAnnotations"/>
  <testcase name="getURL" time="8.842" classname="testcase.ReadDataUsingAnnotations"/>
  <testcase name="addingFunctionality" time="12.283" classname="testcase.ReadDataUsingAnnotations"/>
</testsuite> <!-- testcase.ReadDataUsingAnnotations -->
