<?xml version="1.0" encoding="UTF-8"?>
<!-- Generated by org.testng.reporters.JUnitReportReporter -->
<testsuite hostname="SuneelReddy-PC" name="testcase.UsingSauceLabsLoginFunctionality" tests="1" failures="0" timestamp="29 Dec 2017 17:12:42 GMT" time="8.058" errors="0">
  <testcase name="testcase" time="8.058" classname="testcase.UsingSauceLabsLoginFunctionality"/>
</testsuite> <!-- testcase.UsingSauceLabsLoginFunctionality -->
